<?xml version="1.0" encoding="UTF-8"?>
<!-- Generated by org.testng.reporters.JUnitReportReporter -->
<testsuite skipped="0" hostname="D1111" name="tests.LoginTest" tests="8" failures="0" timestamp="2020-08-25T17:33:14 ICT" time="126.766" errors="0">
  <testcase name="loginWithCorrect" time="17.386" classname="tests.LoginTest"/>
  <system-out/>
  <testcase name="LoginWithEmailInCorrect" time="17.089" classname="tests.LoginTest"/>
  <system-out/>
  <testcase name="LoginWithPassInCorrect" time="15.067" classname="tests.LoginTest"/>
  <system-out/>
  <testcase name="LoginWithEmailInvalid" time="16.053" classname="tests.LoginTest"/>
  <system-out/>
  <testcase name="loginWithEmailEmpty" time="14.958" classname="tests.LoginTest"/>
  <system-out/>
  <testcase name="LoginWithPassEmpty" time="15.391" classname="tests.LoginTest"/>
  <system-out/>
  <testcase name="LoginWithPassInvalid" time="16.236" classname="tests.LoginTest"/>
  <system-out/>
  <testcase name="LoginWithBlankField" time="14.586" classname="tests.LoginTest"/>
  <system-out/>
</testsuite> <!-- tests.LoginTest -->
